<?xml version="1.0" encoding="UTF-8"?>
<testsuite name="TestAccounting" tests="6" skipped="0" failures="0" errors="0" timestamp="2019-12-21T15:26:17" hostname="JoeyMSI" time="0.03">
  <properties/>
  <testcase name="testQueryPartialCrossMoreThanTwoMonthWithLostOneMonth" classname="TestAccounting" time="0.024"/>
  <testcase name="testQueryPartialCrossTwoMonth" classname="TestAccounting" time="0.001"/>
  <testcase name="testQueryPartialSingleMonth" classname="TestAccounting" time="0.001"/>
  <testcase name="testQueryPartialCrossMoreThanTwoMonth" classname="TestAccounting" time="0.001"/>
  <testcase name="testQueryCrossMonth" classname="TestAccounting" time="0.001"/>
  <testcase name="testQuerySingleMonth" classname="TestAccounting" time="0.001"/>
  <system-out><![CDATA[]]></system-out>
  <system-err><![CDATA[]]></system-err>
</testsuite>
